<?xml version="1.0" encoding="UTF-8"?>
<!-- Generated by org.testng.reporters.JUnitReportReporter -->
<testsuite skipped="0" hostname="Ajith-PC" name="testpackage.TestClass" tests="1" failures="0" timestamp="01 Aug 2018 17:56:04 GMT" time="0.033" errors="0">
  <testcase name="m1" time="0.033" classname="testpackage.TestClass"/>
</testsuite> <!-- testpackage.TestClass -->
